# JRE version: OpenJDK Runtime Environment Temurin-17.0.7+7 (17.0.7+7) (build 17.0.7+7)
# Java VM: OpenJDK 64-Bit Server VM Temurin-17.0.7+7 (17.0.7+7, mixed mode, sharing, tiered, compressed oops, compressed class ptrs, g1 gc, windows-amd64)
GC Precious Log:
 CPUs: 12 total, 12 available
 Memory: 16278M
 Large Page Support: Disabled
 NUMA Support: Disabled
 Compressed Oops: Enabled (Zero based)
 Heap Region Size: 2M
 Heap Min Capacity: 512M
 Heap Initial Capacity: 512M
 Heap Max Capacity: 4072M
 Pre-touch: Disabled
 Parallel Workers: 10
 Concurrent Workers: 3
 Concurrent Refinement Workers: 10
 Periodic GC: Disabled
 String Deduplication is enabled
Heap:
 garbage-first heap   total 524288K, used 146195K [0x0000000701800000, 0x0000000800000000)
  region size 2048K, 34 young (69632K), 1 survivors (2048K)
 Metaspace       used 78360K, committed 79040K, reserved 1179648K
  class space    used 10740K, committed 11072K, reserved 1048576K
GC Heap History (20 events):
Event: 51957.660 GC heap before
{Heap before GC invocations=95 (full 6):
 garbage-first heap   total 524288K, used 161261K [0x0000000701800000, 0x0000000800000000)
  region size 2048K, 40 young (81920K), 1 survivors (2048K)
 Metaspace       used 78296K, committed 78848K, reserved 1179648K
  class space    used 10791K, committed 11072K, reserved 1048576K
}
Event: 51957.662 GC heap after
{Heap after GC invocations=96 (full 6):
 garbage-first heap   total 524288K, used 81402K [0x0000000701800000, 0x0000000800000000)
  region size 2048K, 1 young (2048K), 1 survivors (2048K)
 Metaspace       used 78296K, committed 78848K, reserved 1179648K
  class space    used 10791K, committed 11072K, reserved 1048576K
}
Event: 51973.657 GC heap before
{Heap before GC invocations=96 (full 6):
 garbage-first heap   total 524288K, used 161274K [0x0000000701800000, 0x0000000800000000)
  region size 2048K, 40 young (81920K), 1 survivors (2048K)
 Metaspace       used 78303K, committed 78848K, reserved 1179648K
  class space    used 10791K, committed 11072K, reserved 1048576K
}
Event: 51973.659 GC heap after
{Heap after GC invocations=97 (full 6):
 garbage-first heap   total 524288K, used 81291K [0x0000000701800000, 0x0000000800000000)
  region size 2048K, 1 young (2048K), 1 survivors (2048K)
 Metaspace       used 78303K, committed 78848K, reserved 1179648K
  class space    used 10791K, committed 11072K, reserved 1048576K
}
Event: 51995.312 GC heap before
{Heap before GC invocations=97 (full 6):
 garbage-first heap   total 524288K, used 161163K [0x0000000701800000, 0x0000000800000000)
  region size 2048K, 40 young (81920K), 1 survivors (2048K)
 Metaspace       used 78311K, committed 78848K, reserved 1179648K
  class space    used 10791K, committed 11072K, reserved 1048576K
}
Event: 51995.318 GC heap after
{Heap after GC invocations=98 (full 6):
 garbage-first heap   total 524288K, used 81250K [0x0000000701800000, 0x0000000800000000)
  region size 2048K, 1 young (2048K), 1 survivors (2048K)
 Metaspace       used 78311K, committed 78848K, reserved 1179648K
  class space    used 10791K, committed 11072K, reserved 1048576K
}
Event: 52107.805 GC heap before
{Heap before GC invocations=98 (full 6):
 garbage-first heap   total 524288K, used 161122K [0x0000000701800000, 0x0000000800000000)
  region size 2048K, 40 young (81920K), 1 survivors (2048K)
 Metaspace       used 78331K, committed 78848K, reserved 1179648K
  class space    used 10791K, committed 11072K, reserved 1048576K
}
Event: 52107.807 GC heap after
{Heap after GC invocations=99 (full 6):
 garbage-first heap   total 524288K, used 82333K [0x0000000701800000, 0x0000000800000000)
  region size 2048K, 2 young (4096K), 2 survivors (4096K)
 Metaspace       used 78331K, committed 78848K, reserved 1179648K
  class space    used 10791K, committed 11072K, reserved 1048576K
}
Event: 52131.098 GC heap before
{Heap before GC invocations=99 (full 6):
 garbage-first heap   total 524288K, used 160157K [0x0000000701800000, 0x0000000800000000)
  region size 2048K, 40 young (81920K), 2 survivors (4096K)
 Metaspace       used 78346K, committed 78912K, reserved 1179648K
  class space    used 10791K, committed 11072K, reserved 1048576K
}
Event: 52131.100 GC heap after
{Heap after GC invocations=100 (full 6):
 garbage-first heap   total 524288K, used 81852K [0x0000000701800000, 0x0000000800000000)
  region size 2048K, 1 young (2048K), 1 survivors (2048K)
 Metaspace       used 78346K, committed 78912K, reserved 1179648K
  class space    used 10791K, committed 11072K, reserved 1048576K
}
Event: 52221.474 GC heap before
{Heap before GC invocations=100 (full 6):
 garbage-first heap   total 524288K, used 161724K [0x0000000701800000, 0x0000000800000000)
  region size 2048K, 40 young (81920K), 1 survivors (2048K)
 Metaspace       used 78350K, committed 78912K, reserved 1179648K
  class space    used 10791K, committed 11072K, reserved 1048576K
}
Event: 52221.476 GC heap after
{Heap after GC invocations=101 (full 6):
 garbage-first heap   total 524288K, used 82101K [0x0000000701800000, 0x0000000800000000)
  region size 2048K, 1 young (2048K), 1 survivors (2048K)
 Metaspace       used 78350K, committed 78912K, reserved 1179648K
  class space    used 10791K, committed 11072K, reserved 1048576K
}
Event: 52395.152 GC heap before
{Heap before GC invocations=101 (full 6):
 garbage-first heap   total 524288K, used 161973K [0x0000000701800000, 0x0000000800000000)
  region size 2048K, 40 young (81920K), 1 survivors (2048K)
 Metaspace       used 78350K, committed 78912K, reserved 1179648K
  class space    used 10791K, committed 11072K, reserved 1048576K
}
Event: 52395.155 GC heap after
{Heap after GC invocations=102 (full 6):
 garbage-first heap   total 524288K, used 82183K [0x0000000701800000, 0x0000000800000000)
  region size 2048K, 1 young (2048K), 1 survivors (2048K)
 Metaspace       used 78350K, committed 78912K, reserved 1179648K
  class space    used 10791K, committed 11072K, reserved 1048576K
}
Event: 52404.430 GC heap before
{Heap before GC invocations=102 (full 6):
 garbage-first heap   total 524288K, used 98567K [0x0000000701800000, 0x0000000800000000)
  region size 2048K, 10 young (20480K), 1 survivors (2048K)
 Metaspace       used 78358K, committed 78912K, reserved 1179648K
  class space    used 10791K, committed 11072K, reserved 1048576K
}
Event: 52404.554 GC heap after
{Heap after GC invocations=103 (full 7):
 garbage-first heap   total 524288K, used 79507K [0x0000000701800000, 0x0000000800000000)
  region size 2048K, 0 young (0K), 0 survivors (0K)
 Metaspace       used 78030K, committed 78912K, reserved 1179648K
  class space    used 10717K, committed 11072K, reserved 1048576K
}
Event: 52446.742 GC heap before
{Heap before GC invocations=103 (full 7):
 garbage-first heap   total 524288K, used 161427K [0x0000000701800000, 0x0000000800000000)
  region size 2048K, 40 young (81920K), 0 survivors (0K)
 Metaspace       used 78097K, committed 78976K, reserved 1179648K
  class space    used 10718K, committed 11072K, reserved 1048576K
}
Event: 52446.744 GC heap after
{Heap after GC invocations=104 (full 7):
 garbage-first heap   total 524288K, used 80532K [0x0000000701800000, 0x0000000800000000)
  region size 2048K, 1 young (2048K), 1 survivors (2048K)
 Metaspace       used 78097K, committed 78976K, reserved 1179648K
  class space    used 10718K, committed 11072K, reserved 1048576K
}
Event: 52469.384 GC heap before
{Heap before GC invocations=104 (full 7):
 garbage-first heap   total 524288K, used 160404K [0x0000000701800000, 0x0000000800000000)
  region size 2048K, 40 young (81920K), 1 survivors (2048K)
 Metaspace       used 78121K, committed 78976K, reserved 1179648K
  class space    used 10720K, committed 11072K, reserved 1048576K
}
Event: 52469.385 GC heap after
{Heap after GC invocations=105 (full 7):
 garbage-first heap   total 524288K, used 80659K [0x0000000701800000, 0x0000000800000000)
  region size 2048K, 1 young (2048K), 1 survivors (2048K)
 Metaspace       used 78121K, committed 78976K, reserved 1179648K
  class space    used 10720K, committed 11072K, reserved 1048576K
}

