# JRE version: OpenJDK Runtime Environment Temurin-17.0.7+7 (17.0.7+7) (build 17.0.7+7)
# Java VM: OpenJDK 64-Bit Server VM Temurin-17.0.7+7 (17.0.7+7, mixed mode, sharing, tiered, compressed oops, compressed class ptrs, g1 gc, windows-amd64)
GC Precious Log:
 CPUs: 8 total, 8 available
 Memory: 16281M
 Large Page Support: Disabled
 NUMA Support: Disabled
 Compressed Oops: Enabled (Zero based)
 Heap Region Size: 2M
 Heap Min Capacity: 512M
 Heap Initial Capacity: 512M
 Heap Max Capacity: 4072M
 Pre-touch: Disabled
 Parallel Workers: 8
 Concurrent Workers: 2
 Concurrent Refinement Workers: 8
 Periodic GC: Disabled
 String Deduplication is enabled
Heap:
 garbage-first heap   total 524288K, used 124383K [0x0000000701800000, 0x0000000800000000)
  region size 2048K, 10 young (20480K), 2 survivors (4096K)
 Metaspace       used 89512K, committed 90048K, reserved 1179648K
  class space    used 12037K, committed 12352K, reserved 1048576K
GC Heap History (20 events):
Event: 58409.980 GC heap before
{Heap before GC invocations=269 (full 58):
 garbage-first heap   total 524288K, used 187017K [0x0000000701800000, 0x0000000800000000)
  region size 2048K, 40 young (81920K), 1 survivors (2048K)
 Metaspace       used 88188K, committed 88960K, reserved 1179648K
  class space    used 11647K, committed 12032K, reserved 1048576K
}
Event: 58409.985 GC heap after
{Heap after GC invocations=270 (full 58):
 garbage-first heap   total 524288K, used 107169K [0x0000000701800000, 0x0000000800000000)
  region size 2048K, 1 young (2048K), 1 survivors (2048K)
 Metaspace       used 88188K, committed 88960K, reserved 1179648K
  class space    used 11647K, committed 12032K, reserved 1048576K
}
Event: 58527.722 GC heap before
{Heap before GC invocations=270 (full 58):
 garbage-first heap   total 524288K, used 187041K [0x0000000701800000, 0x0000000800000000)
  region size 2048K, 40 young (81920K), 1 survivors (2048K)
 Metaspace       used 88188K, committed 88960K, reserved 1179648K
  class space    used 11647K, committed 12032K, reserved 1048576K
}
Event: 58527.728 GC heap after
{Heap after GC invocations=271 (full 58):
 garbage-first heap   total 524288K, used 107204K [0x0000000701800000, 0x0000000800000000)
  region size 2048K, 1 young (2048K), 1 survivors (2048K)
 Metaspace       used 88188K, committed 88960K, reserved 1179648K
  class space    used 11647K, committed 12032K, reserved 1048576K
}
Event: 58644.082 GC heap before
{Heap before GC invocations=271 (full 58):
 garbage-first heap   total 524288K, used 187076K [0x0000000701800000, 0x0000000800000000)
  region size 2048K, 40 young (81920K), 1 survivors (2048K)
 Metaspace       used 88188K, committed 88960K, reserved 1179648K
  class space    used 11647K, committed 12032K, reserved 1048576K
}
Event: 58644.087 GC heap after
{Heap after GC invocations=272 (full 58):
 garbage-first heap   total 524288K, used 107225K [0x0000000701800000, 0x0000000800000000)
  region size 2048K, 1 young (2048K), 1 survivors (2048K)
 Metaspace       used 88188K, committed 88960K, reserved 1179648K
  class space    used 11647K, committed 12032K, reserved 1048576K
}
Event: 58761.037 GC heap before
{Heap before GC invocations=272 (full 58):
 garbage-first heap   total 524288K, used 187097K [0x0000000701800000, 0x0000000800000000)
  region size 2048K, 40 young (81920K), 1 survivors (2048K)
 Metaspace       used 88188K, committed 88960K, reserved 1179648K
  class space    used 11647K, committed 12032K, reserved 1048576K
}
Event: 58761.042 GC heap after
{Heap after GC invocations=273 (full 58):
 garbage-first heap   total 524288K, used 107266K [0x0000000701800000, 0x0000000800000000)
  region size 2048K, 1 young (2048K), 1 survivors (2048K)
 Metaspace       used 88188K, committed 88960K, reserved 1179648K
  class space    used 11647K, committed 12032K, reserved 1048576K
}
Event: 58876.004 GC heap before
{Heap before GC invocations=273 (full 58):
 garbage-first heap   total 524288K, used 187138K [0x0000000701800000, 0x0000000800000000)
  region size 2048K, 40 young (81920K), 1 survivors (2048K)
 Metaspace       used 88189K, committed 88960K, reserved 1179648K
  class space    used 11647K, committed 12032K, reserved 1048576K
}
Event: 58876.009 GC heap after
{Heap after GC invocations=274 (full 58):
 garbage-first heap   total 524288K, used 107293K [0x0000000701800000, 0x0000000800000000)
  region size 2048K, 1 young (2048K), 1 survivors (2048K)
 Metaspace       used 88189K, committed 88960K, reserved 1179648K
  class space    used 11647K, committed 12032K, reserved 1048576K
}
Event: 58992.347 GC heap before
{Heap before GC invocations=274 (full 58):
 garbage-first heap   total 524288K, used 187165K [0x0000000701800000, 0x0000000800000000)
  region size 2048K, 40 young (81920K), 1 survivors (2048K)
 Metaspace       used 88189K, committed 88960K, reserved 1179648K
  class space    used 11647K, committed 12032K, reserved 1048576K
}
Event: 58992.351 GC heap after
{Heap after GC invocations=275 (full 58):
 garbage-first heap   total 524288K, used 107314K [0x0000000701800000, 0x0000000800000000)
  region size 2048K, 1 young (2048K), 1 survivors (2048K)
 Metaspace       used 88189K, committed 88960K, reserved 1179648K
  class space    used 11647K, committed 12032K, reserved 1048576K
}
Event: 59108.668 GC heap before
{Heap before GC invocations=275 (full 58):
 garbage-first heap   total 524288K, used 187186K [0x0000000701800000, 0x0000000800000000)
  region size 2048K, 40 young (81920K), 1 survivors (2048K)
 Metaspace       used 88189K, committed 88960K, reserved 1179648K
  class space    used 11647K, committed 12032K, reserved 1048576K
}
Event: 59108.674 GC heap after
{Heap after GC invocations=276 (full 58):
 garbage-first heap   total 524288K, used 107326K [0x0000000701800000, 0x0000000800000000)
  region size 2048K, 1 young (2048K), 1 survivors (2048K)
 Metaspace       used 88189K, committed 88960K, reserved 1179648K
  class space    used 11647K, committed 12032K, reserved 1048576K
}
Event: 59194.137 GC heap before
{Heap before GC invocations=276 (full 58):
 garbage-first heap   total 524288K, used 185150K [0x0000000701800000, 0x0000000800000000)
  region size 2048K, 40 young (81920K), 1 survivors (2048K)
 Metaspace       used 89102K, committed 89664K, reserved 1179648K
  class space    used 11947K, committed 12288K, reserved 1048576K
}
Event: 59194.143 GC heap after
{Heap after GC invocations=277 (full 58):
 garbage-first heap   total 524288K, used 108642K [0x0000000701800000, 0x0000000800000000)
  region size 2048K, 1 young (2048K), 1 survivors (2048K)
 Metaspace       used 89102K, committed 89664K, reserved 1179648K
  class space    used 11947K, committed 12288K, reserved 1048576K
}
Event: 59207.014 GC heap before
{Heap before GC invocations=277 (full 58):
 garbage-first heap   total 524288K, used 188514K [0x0000000701800000, 0x0000000800000000)
  region size 2048K, 40 young (81920K), 1 survivors (2048K)
 Metaspace       used 89505K, committed 90048K, reserved 1179648K
  class space    used 12037K, committed 12352K, reserved 1048576K
}
Event: 59207.020 GC heap after
{Heap after GC invocations=278 (full 58):
 garbage-first heap   total 524288K, used 110335K [0x0000000701800000, 0x0000000800000000)
  region size 2048K, 2 young (4096K), 2 survivors (4096K)
 Metaspace       used 89505K, committed 90048K, reserved 1179648K
  class space    used 12037K, committed 12352K, reserved 1048576K
}
Event: 59211.140 GC heap before
{Heap before GC invocations=278 (full 58):
 garbage-first heap   total 524288K, used 188159K [0x0000000701800000, 0x0000000800000000)
  region size 2048K, 40 young (81920K), 2 survivors (4096K)
 Metaspace       used 89510K, committed 90048K, reserved 1179648K
  class space    used 12037K, committed 12352K, reserved 1048576K
}
Event: 59211.144 GC heap after
{Heap after GC invocations=279 (full 58):
 garbage-first heap   total 524288K, used 110047K [0x0000000701800000, 0x0000000800000000)
  region size 2048K, 2 young (4096K), 2 survivors (4096K)
 Metaspace       used 89510K, committed 90048K, reserved 1179648K
  class space    used 12037K, committed 12352K, reserved 1048576K
}

