# JRE version: OpenJDK Runtime Environment Temurin-17.0.7+7 (17.0.7+7) (build 17.0.7+7)
# Java VM: OpenJDK 64-Bit Server VM Temurin-17.0.7+7 (17.0.7+7, mixed mode, sharing, tiered, compressed oops, compressed class ptrs, g1 gc, windows-amd64)
GC Precious Log:
 CPUs: 12 total, 12 available
 Memory: 16278M
 Large Page Support: Disabled
 NUMA Support: Disabled
 Compressed Oops: Enabled (Zero based)
 Heap Region Size: 2M
 Heap Min Capacity: 512M
 Heap Initial Capacity: 512M
 Heap Max Capacity: 4072M
 Pre-touch: Disabled
 Parallel Workers: 10
 Concurrent Workers: 3
 Concurrent Refinement Workers: 10
 Periodic GC: Disabled
 String Deduplication is enabled
Heap:
 garbage-first heap   total 524288K, used 125684K [0x0000000701800000, 0x0000000800000000)
  region size 2048K, 14 young (28672K), 1 survivors (2048K)
 Metaspace       used 78141K, committed 78784K, reserved 1179648K
  class space    used 10842K, committed 11136K, reserved 1048576K
GC Heap History (20 events):
Event: 5069.325 GC heap before
{Heap before GC invocations=64 (full 4):
 garbage-first heap   total 524288K, used 180255K [0x0000000701800000, 0x0000000800000000)
  region size 2048K, 40 young (81920K), 1 survivors (2048K)
 Metaspace       used 77918K, committed 78528K, reserved 1179648K
  class space    used 10841K, committed 11136K, reserved 1048576K
}
Event: 5069.331 GC heap after
{Heap after GC invocations=65 (full 4):
 garbage-first heap   total 524288K, used 100393K [0x0000000701800000, 0x0000000800000000)
  region size 2048K, 1 young (2048K), 1 survivors (2048K)
 Metaspace       used 77918K, committed 78528K, reserved 1179648K
  class space    used 10841K, committed 11136K, reserved 1048576K
}
Event: 5131.376 GC heap before
{Heap before GC invocations=65 (full 4):
 garbage-first heap   total 524288K, used 180265K [0x0000000701800000, 0x0000000800000000)
  region size 2048K, 40 young (81920K), 1 survivors (2048K)
 Metaspace       used 77948K, committed 78528K, reserved 1179648K
  class space    used 10841K, committed 11136K, reserved 1048576K
}
Event: 5131.378 GC heap after
{Heap after GC invocations=66 (full 4):
 garbage-first heap   total 524288K, used 100568K [0x0000000701800000, 0x0000000800000000)
  region size 2048K, 1 young (2048K), 1 survivors (2048K)
 Metaspace       used 77948K, committed 78528K, reserved 1179648K
  class space    used 10841K, committed 11136K, reserved 1048576K
}
Event: 5177.936 GC heap before
{Heap before GC invocations=66 (full 4):
 garbage-first heap   total 524288K, used 180440K [0x0000000701800000, 0x0000000800000000)
  region size 2048K, 40 young (81920K), 1 survivors (2048K)
 Metaspace       used 77962K, committed 78528K, reserved 1179648K
  class space    used 10842K, committed 11136K, reserved 1048576K
}
Event: 5177.941 GC heap after
{Heap after GC invocations=67 (full 4):
 garbage-first heap   total 524288K, used 100466K [0x0000000701800000, 0x0000000800000000)
  region size 2048K, 1 young (2048K), 1 survivors (2048K)
 Metaspace       used 77962K, committed 78528K, reserved 1179648K
  class space    used 10842K, committed 11136K, reserved 1048576K
}
Event: 5225.506 GC heap before
{Heap before GC invocations=67 (full 4):
 garbage-first heap   total 524288K, used 180338K [0x0000000701800000, 0x0000000800000000)
  region size 2048K, 40 young (81920K), 1 survivors (2048K)
 Metaspace       used 77970K, committed 78528K, reserved 1179648K
  class space    used 10842K, committed 11136K, reserved 1048576K
}
Event: 5225.509 GC heap after
{Heap after GC invocations=68 (full 4):
 garbage-first heap   total 524288K, used 100551K [0x0000000701800000, 0x0000000800000000)
  region size 2048K, 1 young (2048K), 1 survivors (2048K)
 Metaspace       used 77970K, committed 78528K, reserved 1179648K
  class space    used 10842K, committed 11136K, reserved 1048576K
}
Event: 5254.460 GC heap before
{Heap before GC invocations=68 (full 4):
 garbage-first heap   total 524288K, used 180423K [0x0000000701800000, 0x0000000800000000)
  region size 2048K, 40 young (81920K), 1 survivors (2048K)
 Metaspace       used 77985K, committed 78656K, reserved 1179648K
  class space    used 10842K, committed 11136K, reserved 1048576K
}
Event: 5254.462 GC heap after
{Heap after GC invocations=69 (full 4):
 garbage-first heap   total 524288K, used 100533K [0x0000000701800000, 0x0000000800000000)
  region size 2048K, 1 young (2048K), 1 survivors (2048K)
 Metaspace       used 77985K, committed 78656K, reserved 1179648K
  class space    used 10842K, committed 11136K, reserved 1048576K
}
Event: 5276.562 GC heap before
{Heap before GC invocations=69 (full 4):
 garbage-first heap   total 524288K, used 180405K [0x0000000701800000, 0x0000000800000000)
  region size 2048K, 40 young (81920K), 1 survivors (2048K)
 Metaspace       used 78023K, committed 78656K, reserved 1179648K
  class space    used 10842K, committed 11136K, reserved 1048576K
}
Event: 5276.564 GC heap after
{Heap after GC invocations=70 (full 4):
 garbage-first heap   total 524288K, used 100894K [0x0000000701800000, 0x0000000800000000)
  region size 2048K, 1 young (2048K), 1 survivors (2048K)
 Metaspace       used 78023K, committed 78656K, reserved 1179648K
  class space    used 10842K, committed 11136K, reserved 1048576K
}
Event: 5300.874 GC heap before
{Heap before GC invocations=70 (full 4):
 garbage-first heap   total 524288K, used 180766K [0x0000000701800000, 0x0000000800000000)
  region size 2048K, 40 young (81920K), 1 survivors (2048K)
 Metaspace       used 78085K, committed 78656K, reserved 1179648K
  class space    used 10842K, committed 11136K, reserved 1048576K
}
Event: 5300.878 GC heap after
{Heap after GC invocations=71 (full 4):
 garbage-first heap   total 524288K, used 101168K [0x0000000701800000, 0x0000000800000000)
  region size 2048K, 1 young (2048K), 1 survivors (2048K)
 Metaspace       used 78085K, committed 78656K, reserved 1179648K
  class space    used 10842K, committed 11136K, reserved 1048576K
}
Event: 5349.047 GC heap before
{Heap before GC invocations=71 (full 4):
 garbage-first heap   total 524288K, used 178992K [0x0000000701800000, 0x0000000800000000)
  region size 2048K, 40 young (81920K), 1 survivors (2048K)
 Metaspace       used 78095K, committed 78656K, reserved 1179648K
  class space    used 10842K, committed 11136K, reserved 1048576K
}
Event: 5349.049 GC heap after
{Heap after GC invocations=72 (full 4):
 garbage-first heap   total 524288K, used 101169K [0x0000000701800000, 0x0000000800000000)
  region size 2048K, 1 young (2048K), 1 survivors (2048K)
 Metaspace       used 78095K, committed 78656K, reserved 1179648K
  class space    used 10842K, committed 11136K, reserved 1048576K
}
Event: 5380.756 GC heap before
{Heap before GC invocations=72 (full 4):
 garbage-first heap   total 524288K, used 181041K [0x0000000701800000, 0x0000000800000000)
  region size 2048K, 40 young (81920K), 1 survivors (2048K)
 Metaspace       used 78107K, committed 78656K, reserved 1179648K
  class space    used 10842K, committed 11136K, reserved 1048576K
}
Event: 5380.758 GC heap after
{Heap after GC invocations=73 (full 4):
 garbage-first heap   total 524288K, used 101134K [0x0000000701800000, 0x0000000800000000)
  region size 2048K, 1 young (2048K), 1 survivors (2048K)
 Metaspace       used 78107K, committed 78656K, reserved 1179648K
  class space    used 10842K, committed 11136K, reserved 1048576K
}
Event: 5411.047 GC heap before
{Heap before GC invocations=73 (full 4):
 garbage-first heap   total 524288K, used 181006K [0x0000000701800000, 0x0000000800000000)
  region size 2048K, 40 young (81920K), 1 survivors (2048K)
 Metaspace       used 78116K, committed 78784K, reserved 1179648K
  class space    used 10842K, committed 11136K, reserved 1048576K
}
Event: 5411.049 GC heap after
{Heap after GC invocations=74 (full 4):
 garbage-first heap   total 524288K, used 101108K [0x0000000701800000, 0x0000000800000000)
  region size 2048K, 1 young (2048K), 1 survivors (2048K)
 Metaspace       used 78116K, committed 78784K, reserved 1179648K
  class space    used 10842K, committed 11136K, reserved 1048576K
}

