# JRE version: OpenJDK Runtime Environment Temurin-17.0.7+7 (17.0.7+7) (build 17.0.7+7)
# Java VM: OpenJDK 64-Bit Server VM Temurin-17.0.7+7 (17.0.7+7, mixed mode, sharing, tiered, compressed oops, compressed class ptrs, g1 gc, windows-amd64)
GC Precious Log:
 CPUs: 8 total, 8 available
 Memory: 16281M
 Large Page Support: Disabled
 NUMA Support: Disabled
 Compressed Oops: Enabled (Zero based)
 Heap Region Size: 2M
 Heap Min Capacity: 512M
 Heap Initial Capacity: 512M
 Heap Max Capacity: 4072M
 Pre-touch: Disabled
 Parallel Workers: 8
 Concurrent Workers: 2
 Concurrent Refinement Workers: 8
 Periodic GC: Disabled
 String Deduplication is enabled
Heap:
 garbage-first heap   total 524288K, used 127777K [0x0000000701800000, 0x0000000800000000)
  region size 2048K, 10 young (20480K), 2 survivors (4096K)
 Metaspace       used 88899K, committed 89600K, reserved 1179648K
  class space    used 12190K, committed 12544K, reserved 1048576K
GC Heap History (20 events):
Event: 1877.503 GC heap before
{Heap before GC invocations=442 (full 310):
 garbage-first heap   total 524288K, used 161190K [0x0000000701800000, 0x0000000800000000)
  region size 2048K, 18 young (36864K), 1 survivors (2048K)
 Metaspace       used 87161K, committed 87936K, reserved 1179648K
  class space    used 11798K, committed 12160K, reserved 1048576K
}
Event: 1877.564 GC heap after
{Heap after GC invocations=443 (full 311):
 garbage-first heap   total 524288K, used 107100K [0x0000000701800000, 0x0000000800000000)
  region size 2048K, 0 young (0K), 0 survivors (0K)
 Metaspace       used 87161K, committed 87936K, reserved 1179648K
  class space    used 11798K, committed 12160K, reserved 1048576K
}
Event: 1921.383 GC heap before
{Heap before GC invocations=443 (full 311):
 garbage-first heap   total 524288K, used 201308K [0x0000000701800000, 0x0000000800000000)
  region size 2048K, 40 young (81920K), 0 survivors (0K)
 Metaspace       used 87187K, committed 87936K, reserved 1179648K
  class space    used 11798K, committed 12160K, reserved 1048576K
}
Event: 1921.386 GC heap after
{Heap after GC invocations=444 (full 311):
 garbage-first heap   total 524288K, used 120505K [0x0000000701800000, 0x0000000800000000)
  region size 2048K, 1 young (2048K), 1 survivors (2048K)
 Metaspace       used 87187K, committed 87936K, reserved 1179648K
  class space    used 11798K, committed 12160K, reserved 1048576K
}
Event: 1931.143 GC heap before
{Heap before GC invocations=444 (full 311):
 garbage-first heap   total 524288K, used 200377K [0x0000000701800000, 0x0000000800000000)
  region size 2048K, 40 young (81920K), 1 survivors (2048K)
 Metaspace       used 87202K, committed 87936K, reserved 1179648K
  class space    used 11798K, committed 12160K, reserved 1048576K
}
Event: 1931.145 GC heap after
{Heap after GC invocations=445 (full 311):
 garbage-first heap   total 524288K, used 114237K [0x0000000701800000, 0x0000000800000000)
  region size 2048K, 1 young (2048K), 1 survivors (2048K)
 Metaspace       used 87202K, committed 87936K, reserved 1179648K
  class space    used 11798K, committed 12160K, reserved 1048576K
}
Event: 1953.089 GC heap before
{Heap before GC invocations=445 (full 311):
 garbage-first heap   total 524288K, used 194109K [0x0000000701800000, 0x0000000800000000)
  region size 2048K, 40 young (81920K), 1 survivors (2048K)
 Metaspace       used 87304K, committed 88000K, reserved 1179648K
  class space    used 11810K, committed 12160K, reserved 1048576K
}
Event: 1953.092 GC heap after
{Heap after GC invocations=446 (full 311):
 garbage-first heap   total 524288K, used 114459K [0x0000000701800000, 0x0000000800000000)
  region size 2048K, 1 young (2048K), 1 survivors (2048K)
 Metaspace       used 87304K, committed 88000K, reserved 1179648K
  class space    used 11810K, committed 12160K, reserved 1048576K
}
Event: 1958.245 GC heap before
{Heap before GC invocations=446 (full 311):
 garbage-first heap   total 524288K, used 194331K [0x0000000701800000, 0x0000000800000000)
  region size 2048K, 40 young (81920K), 1 survivors (2048K)
 Metaspace       used 87481K, committed 88192K, reserved 1179648K
  class space    used 11823K, committed 12160K, reserved 1048576K
}
Event: 1958.249 GC heap after
{Heap after GC invocations=447 (full 311):
 garbage-first heap   total 524288K, used 117364K [0x0000000701800000, 0x0000000800000000)
  region size 2048K, 3 young (6144K), 3 survivors (6144K)
 Metaspace       used 87481K, committed 88192K, reserved 1179648K
  class space    used 11823K, committed 12160K, reserved 1048576K
}
Event: 2071.852 GC heap before
{Heap before GC invocations=447 (full 311):
 garbage-first heap   total 524288K, used 193140K [0x0000000701800000, 0x0000000800000000)
  region size 2048K, 40 young (81920K), 3 survivors (6144K)
 Metaspace       used 88439K, committed 89216K, reserved 1179648K
  class space    used 12123K, committed 12480K, reserved 1048576K
}
Event: 2071.865 GC heap after
{Heap after GC invocations=448 (full 311):
 garbage-first heap   total 524288K, used 112761K [0x0000000701800000, 0x0000000800000000)
  region size 2048K, 3 young (6144K), 3 survivors (6144K)
 Metaspace       used 88439K, committed 89216K, reserved 1179648K
  class space    used 12123K, committed 12480K, reserved 1048576K
}
Event: 2078.277 GC heap before
{Heap before GC invocations=448 (full 311):
 garbage-first heap   total 524288K, used 188537K [0x0000000701800000, 0x0000000800000000)
  region size 2048K, 40 young (81920K), 3 survivors (6144K)
 Metaspace       used 88741K, committed 89408K, reserved 1179648K
  class space    used 12190K, committed 12544K, reserved 1048576K
}
Event: 2078.283 GC heap after
{Heap after GC invocations=449 (full 311):
 garbage-first heap   total 524288K, used 114630K [0x0000000701800000, 0x0000000800000000)
  region size 2048K, 4 young (8192K), 4 survivors (8192K)
 Metaspace       used 88741K, committed 89408K, reserved 1179648K
  class space    used 12190K, committed 12544K, reserved 1048576K
}
Event: 2080.851 GC heap before
{Heap before GC invocations=449 (full 311):
 garbage-first heap   total 524288K, used 188358K [0x0000000701800000, 0x0000000800000000)
  region size 2048K, 40 young (81920K), 4 survivors (8192K)
 Metaspace       used 88780K, committed 89536K, reserved 1179648K
  class space    used 12190K, committed 12544K, reserved 1048576K
}
Event: 2080.857 GC heap after
{Heap after GC invocations=450 (full 311):
 garbage-first heap   total 524288K, used 113417K [0x0000000701800000, 0x0000000800000000)
  region size 2048K, 2 young (4096K), 2 survivors (4096K)
 Metaspace       used 88780K, committed 89536K, reserved 1179648K
  class space    used 12190K, committed 12544K, reserved 1048576K
}
Event: 2084.327 GC heap before
{Heap before GC invocations=450 (full 311):
 garbage-first heap   total 524288K, used 191241K [0x0000000701800000, 0x0000000800000000)
  region size 2048K, 40 young (81920K), 2 survivors (4096K)
 Metaspace       used 88867K, committed 89600K, reserved 1179648K
  class space    used 12190K, committed 12544K, reserved 1048576K
}
Event: 2084.331 GC heap after
{Heap after GC invocations=451 (full 311):
 garbage-first heap   total 524288K, used 113010K [0x0000000701800000, 0x0000000800000000)
  region size 2048K, 2 young (4096K), 2 survivors (4096K)
 Metaspace       used 88867K, committed 89600K, reserved 1179648K
  class space    used 12190K, committed 12544K, reserved 1048576K
}
Event: 2094.881 GC heap before
{Heap before GC invocations=451 (full 311):
 garbage-first heap   total 524288K, used 190834K [0x0000000701800000, 0x0000000800000000)
  region size 2048K, 40 young (81920K), 2 survivors (4096K)
 Metaspace       used 88888K, committed 89600K, reserved 1179648K
  class space    used 12190K, committed 12544K, reserved 1048576K
}
Event: 2094.885 GC heap after
{Heap after GC invocations=452 (full 311):
 garbage-first heap   total 524288K, used 113441K [0x0000000701800000, 0x0000000800000000)
  region size 2048K, 2 young (4096K), 2 survivors (4096K)
 Metaspace       used 88888K, committed 89600K, reserved 1179648K
  class space    used 12190K, committed 12544K, reserved 1048576K
}

