# JRE version: OpenJDK Runtime Environment Temurin-17.0.7+7 (17.0.7+7) (build 17.0.7+7)
# Java VM: OpenJDK 64-Bit Server VM Temurin-17.0.7+7 (17.0.7+7, mixed mode, sharing, tiered, compressed oops, compressed class ptrs, g1 gc, windows-amd64)
GC Precious Log:
 CPUs: 8 total, 8 available
 Memory: 16281M
 Large Page Support: Disabled
 NUMA Support: Disabled
 Compressed Oops: Enabled (Zero based)
 Heap Region Size: 2M
 Heap Min Capacity: 512M
 Heap Initial Capacity: 512M
 Heap Max Capacity: 4072M
 Pre-touch: Disabled
 Parallel Workers: 8
 Concurrent Workers: 2
 Concurrent Refinement Workers: 8
 Periodic GC: Disabled
 String Deduplication is enabled
Heap:
 garbage-first heap   total 524288K, used 159747K [0x0000000701800000, 0x0000000800000000)
  region size 2048K, 36 young (73728K), 3 survivors (6144K)
 Metaspace       used 89369K, committed 89984K, reserved 1179648K
  class space    used 12116K, committed 12480K, reserved 1048576K
GC Heap History (20 events):
Event: 7424.440 GC heap before
{Heap before GC invocations=529 (full 303):
 garbage-first heap   total 524288K, used 169517K [0x0000000701800000, 0x0000000800000000)
  region size 2048K, 40 young (81920K), 1 survivors (2048K)
 Metaspace       used 87794K, committed 88512K, reserved 1179648K
  class space    used 11713K, committed 12160K, reserved 1048576K
}
Event: 7424.443 GC heap after
{Heap after GC invocations=530 (full 303):
 garbage-first heap   total 524288K, used 89664K [0x0000000701800000, 0x0000000800000000)
  region size 2048K, 1 young (2048K), 1 survivors (2048K)
 Metaspace       used 87794K, committed 88512K, reserved 1179648K
  class space    used 11713K, committed 12160K, reserved 1048576K
}
Event: 7591.516 GC heap before
{Heap before GC invocations=530 (full 303):
 garbage-first heap   total 524288K, used 169536K [0x0000000701800000, 0x0000000800000000)
  region size 2048K, 40 young (81920K), 1 survivors (2048K)
 Metaspace       used 87794K, committed 88512K, reserved 1179648K
  class space    used 11713K, committed 12160K, reserved 1048576K
}
Event: 7591.520 GC heap after
{Heap after GC invocations=531 (full 303):
 garbage-first heap   total 524288K, used 89754K [0x0000000701800000, 0x0000000800000000)
  region size 2048K, 1 young (2048K), 1 survivors (2048K)
 Metaspace       used 87794K, committed 88512K, reserved 1179648K
  class space    used 11713K, committed 12160K, reserved 1048576K
}
Event: 7608.388 GC heap before
{Heap before GC invocations=531 (full 303):
 garbage-first heap   total 524288K, used 169626K [0x0000000701800000, 0x0000000800000000)
  region size 2048K, 40 young (81920K), 1 survivors (2048K)
 Metaspace       used 89017K, committed 89664K, reserved 1179648K
  class space    used 12086K, committed 12480K, reserved 1048576K
}
Event: 7608.393 GC heap after
{Heap after GC invocations=532 (full 303):
 garbage-first heap   total 524288K, used 92584K [0x0000000701800000, 0x0000000800000000)
  region size 2048K, 3 young (6144K), 3 survivors (6144K)
 Metaspace       used 89017K, committed 89664K, reserved 1179648K
  class space    used 12086K, committed 12480K, reserved 1048576K
}
Event: 7610.441 GC heap before
{Heap before GC invocations=532 (full 303):
 garbage-first heap   total 524288K, used 168360K [0x0000000701800000, 0x0000000800000000)
  region size 2048K, 40 young (81920K), 3 survivors (6144K)
 Metaspace       used 89050K, committed 89728K, reserved 1179648K
  class space    used 12086K, committed 12480K, reserved 1048576K
}
Event: 7610.444 GC heap after
{Heap after GC invocations=533 (full 303):
 garbage-first heap   total 524288K, used 92015K [0x0000000701800000, 0x0000000800000000)
  region size 2048K, 2 young (4096K), 2 survivors (4096K)
 Metaspace       used 89050K, committed 89728K, reserved 1179648K
  class space    used 12086K, committed 12480K, reserved 1048576K
}
Event: 7612.884 GC heap before
{Heap before GC invocations=533 (full 303):
 garbage-first heap   total 524288K, used 169839K [0x0000000701800000, 0x0000000800000000)
  region size 2048K, 40 young (81920K), 2 survivors (4096K)
 Metaspace       used 89072K, committed 89728K, reserved 1179648K
  class space    used 12086K, committed 12480K, reserved 1048576K
}
Event: 7612.887 GC heap after
{Heap after GC invocations=534 (full 303):
 garbage-first heap   total 524288K, used 91757K [0x0000000701800000, 0x0000000800000000)
  region size 2048K, 2 young (4096K), 2 survivors (4096K)
 Metaspace       used 89072K, committed 89728K, reserved 1179648K
  class space    used 12086K, committed 12480K, reserved 1048576K
}
Event: 7618.791 GC heap before
{Heap before GC invocations=534 (full 303):
 garbage-first heap   total 524288K, used 169581K [0x0000000701800000, 0x0000000800000000)
  region size 2048K, 40 young (81920K), 2 survivors (4096K)
 Metaspace       used 89100K, committed 89728K, reserved 1179648K
  class space    used 12086K, committed 12480K, reserved 1048576K
}
Event: 7618.795 GC heap after
{Heap after GC invocations=535 (full 303):
 garbage-first heap   total 524288K, used 92760K [0x0000000701800000, 0x0000000800000000)
  region size 2048K, 3 young (6144K), 3 survivors (6144K)
 Metaspace       used 89100K, committed 89728K, reserved 1179648K
  class space    used 12086K, committed 12480K, reserved 1048576K
}
Event: 7652.604 GC heap before
{Heap before GC invocations=535 (full 303):
 garbage-first heap   total 524288K, used 168536K [0x0000000701800000, 0x0000000800000000)
  region size 2048K, 40 young (81920K), 3 survivors (6144K)
 Metaspace       used 89112K, committed 89728K, reserved 1179648K
  class space    used 12086K, committed 12480K, reserved 1048576K
}
Event: 7652.607 GC heap after
{Heap after GC invocations=536 (full 303):
 garbage-first heap   total 524288K, used 92035K [0x0000000701800000, 0x0000000800000000)
  region size 2048K, 2 young (4096K), 2 survivors (4096K)
 Metaspace       used 89112K, committed 89728K, reserved 1179648K
  class space    used 12086K, committed 12480K, reserved 1048576K
}
Event: 7664.381 GC heap before
{Heap before GC invocations=536 (full 303):
 garbage-first heap   total 524288K, used 169859K [0x0000000701800000, 0x0000000800000000)
  region size 2048K, 40 young (81920K), 2 survivors (4096K)
 Metaspace       used 89120K, committed 89728K, reserved 1179648K
  class space    used 12086K, committed 12480K, reserved 1048576K
}
Event: 7664.385 GC heap after
{Heap after GC invocations=537 (full 303):
 garbage-first heap   total 524288K, used 92738K [0x0000000701800000, 0x0000000800000000)
  region size 2048K, 3 young (6144K), 3 survivors (6144K)
 Metaspace       used 89120K, committed 89728K, reserved 1179648K
  class space    used 12086K, committed 12480K, reserved 1048576K
}
Event: 7667.378 GC heap before
{Heap before GC invocations=537 (full 303):
 garbage-first heap   total 524288K, used 168514K [0x0000000701800000, 0x0000000800000000)
  region size 2048K, 41 young (83968K), 3 survivors (6144K)
 Metaspace       used 89129K, committed 89792K, reserved 1179648K
  class space    used 12086K, committed 12480K, reserved 1048576K
}
Event: 7667.382 GC heap after
{Heap after GC invocations=538 (full 303):
 garbage-first heap   total 524288K, used 92200K [0x0000000701800000, 0x0000000800000000)
  region size 2048K, 2 young (4096K), 2 survivors (4096K)
 Metaspace       used 89129K, committed 89792K, reserved 1179648K
  class space    used 12086K, committed 12480K, reserved 1048576K
}
Event: 7682.415 GC heap before
{Heap before GC invocations=538 (full 303):
 garbage-first heap   total 524288K, used 170024K [0x0000000701800000, 0x0000000800000000)
  region size 2048K, 40 young (81920K), 2 survivors (4096K)
 Metaspace       used 89361K, committed 89984K, reserved 1179648K
  class space    used 12116K, committed 12480K, reserved 1048576K
}
Event: 7682.421 GC heap after
{Heap after GC invocations=539 (full 303):
 garbage-first heap   total 524288K, used 94211K [0x0000000701800000, 0x0000000800000000)
  region size 2048K, 3 young (6144K), 3 survivors (6144K)
 Metaspace       used 89361K, committed 89984K, reserved 1179648K
  class space    used 12116K, committed 12480K, reserved 1048576K
}

