# JRE version: OpenJDK Runtime Environment Temurin-17.0.7+7 (17.0.7+7) (build 17.0.7+7)
# Java VM: OpenJDK 64-Bit Server VM Temurin-17.0.7+7 (17.0.7+7, mixed mode, sharing, tiered, compressed oops, compressed class ptrs, g1 gc, windows-amd64)
GC Precious Log:
 CPUs: 4 total, 4 available
 Memory: 7991M
 Large Page Support: Disabled
 NUMA Support: Disabled
 Compressed Oops: Enabled (Zero based)
 Heap Region Size: 2M
 Heap Min Capacity: 512M
 Heap Initial Capacity: 512M
 Heap Max Capacity: 4072M
 Pre-touch: Disabled
 Parallel Workers: 4
 Concurrent Workers: 1
 Concurrent Refinement Workers: 4
 Periodic GC: Disabled
 String Deduplication is enabled
Heap:
 garbage-first heap   total 524288K, used 105114K [0x0000000701800000, 0x0000000800000000)
  region size 2048K, 15 young (30720K), 1 survivors (2048K)
 Metaspace       used 89407K, committed 89920K, reserved 1179648K
  class space    used 11843K, committed 12160K, reserved 1048576K
GC Heap History (20 events):
Event: 81474.731 GC heap before
{Heap before GC invocations=3180 (full 2787):
 garbage-first heap   total 524288K, used 155838K [0x0000000701800000, 0x0000000800000000)
  region size 2048K, 40 young (81920K), 2 survivors (4096K)
 Metaspace       used 89173K, committed 89664K, reserved 1179648K
  class space    used 11817K, committed 12160K, reserved 1048576K
}
Event: 81474.735 GC heap after
{Heap after GC invocations=3181 (full 2787):
 garbage-first heap   total 524288K, used 77905K [0x0000000701800000, 0x0000000800000000)
  region size 2048K, 2 young (4096K), 2 survivors (4096K)
 Metaspace       used 89173K, committed 89664K, reserved 1179648K
  class space    used 11817K, committed 12160K, reserved 1048576K
}
Event: 81481.389 GC heap before
{Heap before GC invocations=3181 (full 2787):
 garbage-first heap   total 524288K, used 155729K [0x0000000701800000, 0x0000000800000000)
  region size 2048K, 40 young (81920K), 2 survivors (4096K)
 Metaspace       used 89183K, committed 89664K, reserved 1179648K
  class space    used 11817K, committed 12160K, reserved 1048576K
}
Event: 81481.393 GC heap after
{Heap after GC invocations=3182 (full 2787):
 garbage-first heap   total 524288K, used 78913K [0x0000000701800000, 0x0000000800000000)
  region size 2048K, 3 young (6144K), 3 survivors (6144K)
 Metaspace       used 89183K, committed 89664K, reserved 1179648K
  class space    used 11817K, committed 12160K, reserved 1048576K
}
Event: 81483.912 GC heap before
{Heap before GC invocations=3182 (full 2787):
 garbage-first heap   total 524288K, used 154689K [0x0000000701800000, 0x0000000800000000)
  region size 2048K, 40 young (81920K), 3 survivors (6144K)
 Metaspace       used 89231K, committed 89792K, reserved 1179648K
  class space    used 11818K, committed 12160K, reserved 1048576K
}
Event: 81483.929 GC heap after
{Heap after GC invocations=3183 (full 2787):
 garbage-first heap   total 524288K, used 85298K [0x0000000701800000, 0x0000000800000000)
  region size 2048K, 5 young (10240K), 5 survivors (10240K)
 Metaspace       used 89231K, committed 89792K, reserved 1179648K
  class space    used 11818K, committed 12160K, reserved 1048576K
}
Event: 81521.324 GC heap before
{Heap before GC invocations=3183 (full 2787):
 garbage-first heap   total 524288K, used 156978K [0x0000000701800000, 0x0000000800000000)
  region size 2048K, 40 young (81920K), 5 survivors (10240K)
 Metaspace       used 89243K, committed 89792K, reserved 1179648K
  class space    used 11818K, committed 12160K, reserved 1048576K
}
Event: 81521.336 GC heap after
{Heap after GC invocations=3184 (full 2787):
 garbage-first heap   total 524288K, used 86765K [0x0000000701800000, 0x0000000800000000)
  region size 2048K, 1 young (2048K), 1 survivors (2048K)
 Metaspace       used 89243K, committed 89792K, reserved 1179648K
  class space    used 11818K, committed 12160K, reserved 1048576K
}
Event: 81525.611 GC heap before
{Heap before GC invocations=3184 (full 2787):
 garbage-first heap   total 524288K, used 133869K [0x0000000701800000, 0x0000000800000000)
  region size 2048K, 24 young (49152K), 1 survivors (2048K)
 Metaspace       used 89247K, committed 89792K, reserved 1179648K
  class space    used 11818K, committed 12160K, reserved 1048576K
}
Event: 81525.693 GC heap after
{Heap after GC invocations=3185 (full 2788):
 garbage-first heap   total 524288K, used 79828K [0x0000000701800000, 0x0000000800000000)
  region size 2048K, 0 young (0K), 0 survivors (0K)
 Metaspace       used 89247K, committed 89792K, reserved 1179648K
  class space    used 11818K, committed 12160K, reserved 1048576K
}
Event: 81529.244 GC heap before
{Heap before GC invocations=3185 (full 2788):
 garbage-first heap   total 524288K, used 110548K [0x0000000701800000, 0x0000000800000000)
  region size 2048K, 14 young (28672K), 0 survivors (0K)
 Metaspace       used 89249K, committed 89792K, reserved 1179648K
  class space    used 11818K, committed 12160K, reserved 1048576K
}
Event: 81529.318 GC heap after
{Heap after GC invocations=3186 (full 2789):
 garbage-first heap   total 524288K, used 79195K [0x0000000701800000, 0x0000000800000000)
  region size 2048K, 0 young (0K), 0 survivors (0K)
 Metaspace       used 89249K, committed 89792K, reserved 1179648K
  class space    used 11818K, committed 12160K, reserved 1048576K
}
Event: 81546.476 GC heap before
{Heap before GC invocations=3186 (full 2789):
 garbage-first heap   total 524288K, used 161115K [0x0000000701800000, 0x0000000800000000)
  region size 2048K, 40 young (81920K), 0 survivors (0K)
 Metaspace       used 89369K, committed 89920K, reserved 1179648K
  class space    used 11843K, committed 12160K, reserved 1048576K
}
Event: 81546.479 GC heap after
{Heap after GC invocations=3187 (full 2789):
 garbage-first heap   total 524288K, used 80827K [0x0000000701800000, 0x0000000800000000)
  region size 2048K, 1 young (2048K), 1 survivors (2048K)
 Metaspace       used 89369K, committed 89920K, reserved 1179648K
  class space    used 11843K, committed 12160K, reserved 1048576K
}
Event: 81546.485 GC heap before
{Heap before GC invocations=3187 (full 2789):
 garbage-first heap   total 524288K, used 80827K [0x0000000701800000, 0x0000000800000000)
  region size 2048K, 2 young (4096K), 1 survivors (2048K)
 Metaspace       used 89369K, committed 89920K, reserved 1179648K
  class space    used 11843K, committed 12160K, reserved 1048576K
}
Event: 81546.556 GC heap after
{Heap after GC invocations=3188 (full 2790):
 garbage-first heap   total 524288K, used 78083K [0x0000000701800000, 0x0000000800000000)
  region size 2048K, 0 young (0K), 0 survivors (0K)
 Metaspace       used 89369K, committed 89920K, reserved 1179648K
  class space    used 11843K, committed 12160K, reserved 1048576K
}
Event: 81554.497 GC heap before
{Heap before GC invocations=3188 (full 2790):
 garbage-first heap   total 524288K, used 116995K [0x0000000701800000, 0x0000000800000000)
  region size 2048K, 20 young (40960K), 0 survivors (0K)
 Metaspace       used 89377K, committed 89920K, reserved 1179648K
  class space    used 11843K, committed 12160K, reserved 1048576K
}
Event: 81554.567 GC heap after
{Heap after GC invocations=3189 (full 2791):
 garbage-first heap   total 524288K, used 77954K [0x0000000701800000, 0x0000000800000000)
  region size 2048K, 0 young (0K), 0 survivors (0K)
 Metaspace       used 89377K, committed 89920K, reserved 1179648K
  class space    used 11843K, committed 12160K, reserved 1048576K
}
Event: 81564.975 GC heap before
{Heap before GC invocations=3189 (full 2791):
 garbage-first heap   total 524288K, used 159874K [0x0000000701800000, 0x0000000800000000)
  region size 2048K, 40 young (81920K), 0 survivors (0K)
 Metaspace       used 89391K, committed 89920K, reserved 1179648K
  class space    used 11843K, committed 12160K, reserved 1048576K
}
Event: 81564.977 GC heap after
{Heap after GC invocations=3190 (full 2791):
 garbage-first heap   total 524288K, used 78490K [0x0000000701800000, 0x0000000800000000)
  region size 2048K, 1 young (2048K), 1 survivors (2048K)
 Metaspace       used 89391K, committed 89920K, reserved 1179648K
  class space    used 11843K, committed 12160K, reserved 1048576K
}

