# JRE version: OpenJDK Runtime Environment Temurin-17.0.7+7 (17.0.7+7) (build 17.0.7+7)
# Java VM: OpenJDK 64-Bit Server VM Temurin-17.0.7+7 (17.0.7+7, mixed mode, sharing, tiered, compressed oops, compressed class ptrs, g1 gc, windows-amd64)
GC Precious Log:
 CPUs: 8 total, 8 available
 Memory: 16281M
 Large Page Support: Disabled
 NUMA Support: Disabled
 Compressed Oops: Enabled (Zero based)
 Heap Region Size: 2M
 Heap Min Capacity: 512M
 Heap Initial Capacity: 512M
 Heap Max Capacity: 4072M
 Pre-touch: Disabled
 Parallel Workers: 8
 Concurrent Workers: 2
 Concurrent Refinement Workers: 8
 Periodic GC: Disabled
 String Deduplication is enabled
Heap:
 garbage-first heap   total 524288K, used 167587K [0x0000000701800000, 0x0000000800000000)
  region size 2048K, 34 young (69632K), 0 survivors (0K)
 Metaspace       used 88860K, committed 90112K, reserved 1179648K
  class space    used 11717K, committed 12224K, reserved 1048576K
GC Heap History (20 events):
Event: 5665.630 GC heap before
{Heap before GC invocations=1248 (full 833):
 garbage-first heap   total 524288K, used 114322K [0x0000000701800000, 0x0000000800000000)
  region size 2048K, 2 young (4096K), 0 survivors (0K)
 Metaspace       used 88856K, committed 90112K, reserved 1179648K
  class space    used 11717K, committed 12224K, reserved 1048576K
}
Event: 5665.701 GC heap after
{Heap after GC invocations=1249 (full 834):
 garbage-first heap   total 524288K, used 99987K [0x0000000701800000, 0x0000000800000000)
  region size 2048K, 0 young (0K), 0 survivors (0K)
 Metaspace       used 88856K, committed 90112K, reserved 1179648K
  class space    used 11717K, committed 12224K, reserved 1048576K
}
Event: 5665.747 GC heap before
{Heap before GC invocations=1249 (full 834):
 garbage-first heap   total 524288K, used 108179K [0x0000000701800000, 0x0000000800000000)
  region size 2048K, 2 young (4096K), 0 survivors (0K)
 Metaspace       used 88856K, committed 90112K, reserved 1179648K
  class space    used 11717K, committed 12224K, reserved 1048576K
}
Event: 5665.813 GC heap after
{Heap after GC invocations=1250 (full 835):
 garbage-first heap   total 524288K, used 99980K [0x0000000701800000, 0x0000000800000000)
  region size 2048K, 0 young (0K), 0 survivors (0K)
 Metaspace       used 88856K, committed 90112K, reserved 1179648K
  class space    used 11717K, committed 12224K, reserved 1048576K
}
Event: 5665.856 GC heap before
{Heap before GC invocations=1250 (full 835):
 garbage-first heap   total 524288K, used 108172K [0x0000000701800000, 0x0000000800000000)
  region size 2048K, 2 young (4096K), 0 survivors (0K)
 Metaspace       used 88856K, committed 90112K, reserved 1179648K
  class space    used 11717K, committed 12224K, reserved 1048576K
}
Event: 5665.922 GC heap after
{Heap after GC invocations=1251 (full 836):
 garbage-first heap   total 524288K, used 99976K [0x0000000701800000, 0x0000000800000000)
  region size 2048K, 0 young (0K), 0 survivors (0K)
 Metaspace       used 88856K, committed 90112K, reserved 1179648K
  class space    used 11717K, committed 12224K, reserved 1048576K
}
Event: 5665.976 GC heap before
{Heap before GC invocations=1251 (full 836):
 garbage-first heap   total 524288K, used 102024K [0x0000000701800000, 0x0000000800000000)
  region size 2048K, 2 young (4096K), 0 survivors (0K)
 Metaspace       used 88856K, committed 90112K, reserved 1179648K
  class space    used 11717K, committed 12224K, reserved 1048576K
}
Event: 5666.044 GC heap after
{Heap after GC invocations=1252 (full 837):
 garbage-first heap   total 524288K, used 99976K [0x0000000701800000, 0x0000000800000000)
  region size 2048K, 0 young (0K), 0 survivors (0K)
 Metaspace       used 88856K, committed 90112K, reserved 1179648K
  class space    used 11717K, committed 12224K, reserved 1048576K
}
Event: 5666.120 GC heap before
{Heap before GC invocations=1252 (full 837):
 garbage-first heap   total 524288K, used 110216K [0x0000000701800000, 0x0000000800000000)
  region size 2048K, 3 young (6144K), 0 survivors (0K)
 Metaspace       used 88856K, committed 90112K, reserved 1179648K
  class space    used 11717K, committed 12224K, reserved 1048576K
}
Event: 5666.190 GC heap after
{Heap after GC invocations=1253 (full 838):
 garbage-first heap   total 524288K, used 100080K [0x0000000701800000, 0x0000000800000000)
  region size 2048K, 0 young (0K), 0 survivors (0K)
 Metaspace       used 88856K, committed 90112K, reserved 1179648K
  class space    used 11717K, committed 12224K, reserved 1048576K
}
Event: 5666.253 GC heap before
{Heap before GC invocations=1253 (full 838):
 garbage-first heap   total 524288K, used 110320K [0x0000000701800000, 0x0000000800000000)
  region size 2048K, 3 young (6144K), 0 survivors (0K)
 Metaspace       used 88856K, committed 90112K, reserved 1179648K
  class space    used 11717K, committed 12224K, reserved 1048576K
}
Event: 5666.328 GC heap after
{Heap after GC invocations=1254 (full 839):
 garbage-first heap   total 524288K, used 100059K [0x0000000701800000, 0x0000000800000000)
  region size 2048K, 0 young (0K), 0 survivors (0K)
 Metaspace       used 88856K, committed 90112K, reserved 1179648K
  class space    used 11717K, committed 12224K, reserved 1048576K
}
Event: 5666.396 GC heap before
{Heap before GC invocations=1254 (full 839):
 garbage-first heap   total 524288K, used 116443K [0x0000000701800000, 0x0000000800000000)
  region size 2048K, 3 young (6144K), 0 survivors (0K)
 Metaspace       used 88856K, committed 90112K, reserved 1179648K
  class space    used 11717K, committed 12224K, reserved 1048576K
}
Event: 5666.462 GC heap after
{Heap after GC invocations=1255 (full 840):
 garbage-first heap   total 524288K, used 100056K [0x0000000701800000, 0x0000000800000000)
  region size 2048K, 0 young (0K), 0 survivors (0K)
 Metaspace       used 88856K, committed 90112K, reserved 1179648K
  class space    used 11717K, committed 12224K, reserved 1048576K
}
Event: 5668.176 GC heap before
{Heap before GC invocations=1255 (full 840):
 garbage-first heap   total 524288K, used 116440K [0x0000000701800000, 0x0000000800000000)
  region size 2048K, 3 young (6144K), 0 survivors (0K)
 Metaspace       used 88856K, committed 90112K, reserved 1179648K
  class space    used 11717K, committed 12224K, reserved 1048576K
}
Event: 5668.241 GC heap after
{Heap after GC invocations=1256 (full 841):
 garbage-first heap   total 524288K, used 100060K [0x0000000701800000, 0x0000000800000000)
  region size 2048K, 0 young (0K), 0 survivors (0K)
 Metaspace       used 88856K, committed 90112K, reserved 1179648K
  class space    used 11717K, committed 12224K, reserved 1048576K
}
Event: 5668.333 GC heap before
{Heap before GC invocations=1256 (full 841):
 garbage-first heap   total 524288K, used 104156K [0x0000000701800000, 0x0000000800000000)
  region size 2048K, 3 young (6144K), 0 survivors (0K)
 Metaspace       used 88856K, committed 90112K, reserved 1179648K
  class space    used 11717K, committed 12224K, reserved 1048576K
}
Event: 5668.399 GC heap after
{Heap after GC invocations=1257 (full 842):
 garbage-first heap   total 524288K, used 100058K [0x0000000701800000, 0x0000000800000000)
  region size 2048K, 0 young (0K), 0 survivors (0K)
 Metaspace       used 88856K, committed 90112K, reserved 1179648K
  class space    used 11717K, committed 12224K, reserved 1048576K
}
Event: 5668.525 GC heap before
{Heap before GC invocations=1257 (full 842):
 garbage-first heap   total 524288K, used 102106K [0x0000000701800000, 0x0000000800000000)
  region size 2048K, 2 young (4096K), 0 survivors (0K)
 Metaspace       used 88856K, committed 90112K, reserved 1179648K
  class space    used 11717K, committed 12224K, reserved 1048576K
}
Event: 5668.600 GC heap after
{Heap after GC invocations=1258 (full 843):
 garbage-first heap   total 524288K, used 100003K [0x0000000701800000, 0x0000000800000000)
  region size 2048K, 0 young (0K), 0 survivors (0K)
 Metaspace       used 88856K, committed 90112K, reserved 1179648K
  class space    used 11717K, committed 12224K, reserved 1048576K
}

