# JRE version: OpenJDK Runtime Environment Temurin-17.0.7+7 (17.0.7+7) (build 17.0.7+7)
# Java VM: OpenJDK 64-Bit Server VM Temurin-17.0.7+7 (17.0.7+7, mixed mode, sharing, tiered, compressed oops, compressed class ptrs, g1 gc, windows-amd64)
GC Precious Log:
 CPUs: 8 total, 8 available
 Memory: 16281M
 Large Page Support: Disabled
 NUMA Support: Disabled
 Compressed Oops: Enabled (Zero based)
 Heap Region Size: 2M
 Heap Min Capacity: 512M
 Heap Initial Capacity: 512M
 Heap Max Capacity: 4072M
 Pre-touch: Disabled
 Parallel Workers: 8
 Concurrent Workers: 2
 Concurrent Refinement Workers: 8
 Periodic GC: Disabled
 String Deduplication is enabled
Heap:
 garbage-first heap   total 524288K, used 149334K [0x0000000701800000, 0x0000000800000000)
  region size 2048K, 17 young (34816K), 3 survivors (6144K)
 Metaspace       used 90493K, committed 91008K, reserved 1179648K
  class space    used 12161K, committed 12416K, reserved 1048576K
GC Heap History (20 events):
Event: 14504.403 GC heap before
{Heap before GC invocations=572 (full 320):
 garbage-first heap   total 524288K, used 140017K [0x0000000701800000, 0x0000000800000000)
  region size 2048K, 11 young (22528K), 1 survivors (2048K)
 Metaspace       used 90395K, committed 90944K, reserved 1179648K
  class space    used 12157K, committed 12416K, reserved 1048576K
}
Event: 14504.405 GC heap after
{Heap after GC invocations=573 (full 320):
 garbage-first heap   total 524288K, used 121730K [0x0000000701800000, 0x0000000800000000)
  region size 2048K, 1 young (2048K), 1 survivors (2048K)
 Metaspace       used 90395K, committed 90944K, reserved 1179648K
  class space    used 12157K, committed 12416K, reserved 1048576K
}
Event: 14506.254 GC heap before
{Heap before GC invocations=573 (full 320):
 garbage-first heap   total 524288K, used 142210K [0x0000000701800000, 0x0000000800000000)
  region size 2048K, 12 young (24576K), 1 survivors (2048K)
 Metaspace       used 90395K, committed 90944K, reserved 1179648K
  class space    used 12157K, committed 12416K, reserved 1048576K
}
Event: 14506.326 GC heap after
{Heap after GC invocations=574 (full 321):
 garbage-first heap   total 524288K, used 121352K [0x0000000701800000, 0x0000000800000000)
  region size 2048K, 0 young (0K), 0 survivors (0K)
 Metaspace       used 90395K, committed 90944K, reserved 1179648K
  class space    used 12157K, committed 12416K, reserved 1048576K
}
Event: 14508.080 GC heap before
{Heap before GC invocations=574 (full 321):
 garbage-first heap   total 524288K, used 139784K [0x0000000701800000, 0x0000000800000000)
  region size 2048K, 10 young (20480K), 0 survivors (0K)
 Metaspace       used 90421K, committed 90944K, reserved 1179648K
  class space    used 12157K, committed 12416K, reserved 1048576K
}
Event: 14508.157 GC heap after
{Heap after GC invocations=575 (full 322):
 garbage-first heap   total 524288K, used 121435K [0x0000000701800000, 0x0000000800000000)
  region size 2048K, 0 young (0K), 0 survivors (0K)
 Metaspace       used 90421K, committed 90944K, reserved 1179648K
  class space    used 12157K, committed 12416K, reserved 1048576K
}
Event: 14509.820 GC heap before
{Heap before GC invocations=575 (full 322):
 garbage-first heap   total 524288K, used 139867K [0x0000000701800000, 0x0000000800000000)
  region size 2048K, 10 young (20480K), 0 survivors (0K)
 Metaspace       used 90426K, committed 90944K, reserved 1179648K
  class space    used 12157K, committed 12416K, reserved 1048576K
}
Event: 14509.898 GC heap after
{Heap after GC invocations=576 (full 323):
 garbage-first heap   total 524288K, used 120779K [0x0000000701800000, 0x0000000800000000)
  region size 2048K, 0 young (0K), 0 survivors (0K)
 Metaspace       used 90426K, committed 90944K, reserved 1179648K
  class space    used 12157K, committed 12416K, reserved 1048576K
}
Event: 14514.155 GC heap before
{Heap before GC invocations=576 (full 323):
 garbage-first heap   total 524288K, used 153547K [0x0000000701800000, 0x0000000800000000)
  region size 2048K, 17 young (34816K), 0 survivors (0K)
 Metaspace       used 90426K, committed 90944K, reserved 1179648K
  class space    used 12157K, committed 12416K, reserved 1048576K
}
Event: 14514.160 GC heap after
{Heap after GC invocations=577 (full 323):
 garbage-first heap   total 1316864K, used 121457K [0x0000000701800000, 0x0000000800000000)
  region size 2048K, 1 young (2048K), 1 survivors (2048K)
 Metaspace       used 90426K, committed 90944K, reserved 1179648K
  class space    used 12157K, committed 12416K, reserved 1048576K
}
Event: 14523.695 GC heap before
{Heap before GC invocations=577 (full 323):
 garbage-first heap   total 1316864K, used 178801K [0x0000000701800000, 0x0000000800000000)
  region size 2048K, 30 young (61440K), 1 survivors (2048K)
 Metaspace       used 90431K, committed 90944K, reserved 1179648K
  class space    used 12157K, committed 12416K, reserved 1048576K
}
Event: 14523.776 GC heap after
{Heap after GC invocations=578 (full 324):
 garbage-first heap   total 524288K, used 120686K [0x0000000701800000, 0x0000000800000000)
  region size 2048K, 0 young (0K), 0 survivors (0K)
 Metaspace       used 90431K, committed 90944K, reserved 1179648K
  class space    used 12157K, committed 12416K, reserved 1048576K
}
Event: 14561.370 GC heap before
{Heap before GC invocations=578 (full 324):
 garbage-first heap   total 524288K, used 218990K [0x0000000701800000, 0x0000000800000000)
  region size 2048K, 40 young (81920K), 0 survivors (0K)
 Metaspace       used 90438K, committed 90944K, reserved 1179648K
  class space    used 12158K, committed 12416K, reserved 1048576K
}
Event: 14561.373 GC heap after
{Heap after GC invocations=579 (full 324):
 garbage-first heap   total 524288K, used 137828K [0x0000000701800000, 0x0000000800000000)
  region size 2048K, 1 young (2048K), 1 survivors (2048K)
 Metaspace       used 90438K, committed 90944K, reserved 1179648K
  class space    used 12158K, committed 12416K, reserved 1048576K
}
Event: 14561.378 GC heap before
{Heap before GC invocations=579 (full 324):
 garbage-first heap   total 524288K, used 137828K [0x0000000701800000, 0x0000000800000000)
  region size 2048K, 2 young (4096K), 1 survivors (2048K)
 Metaspace       used 90438K, committed 90944K, reserved 1179648K
  class space    used 12158K, committed 12416K, reserved 1048576K
}
Event: 14561.450 GC heap after
{Heap after GC invocations=580 (full 325):
 garbage-first heap   total 524288K, used 118550K [0x0000000701800000, 0x0000000800000000)
  region size 2048K, 0 young (0K), 0 survivors (0K)
 Metaspace       used 90438K, committed 90944K, reserved 1179648K
  class space    used 12158K, committed 12416K, reserved 1048576K
}
Event: 14575.703 GC heap before
{Heap before GC invocations=580 (full 325):
 garbage-first heap   total 524288K, used 200470K [0x0000000701800000, 0x0000000800000000)
  region size 2048K, 40 young (81920K), 0 survivors (0K)
 Metaspace       used 90464K, committed 91008K, reserved 1179648K
  class space    used 12161K, committed 12416K, reserved 1048576K
}
Event: 14575.705 GC heap after
{Heap after GC invocations=581 (full 325):
 garbage-first heap   total 524288K, used 118862K [0x0000000701800000, 0x0000000800000000)
  region size 2048K, 1 young (2048K), 1 survivors (2048K)
 Metaspace       used 90464K, committed 91008K, reserved 1179648K
  class space    used 12161K, committed 12416K, reserved 1048576K
}
Event: 14581.048 GC heap before
{Heap before GC invocations=581 (full 325):
 garbage-first heap   total 524288K, used 198734K [0x0000000701800000, 0x0000000800000000)
  region size 2048K, 40 young (81920K), 1 survivors (2048K)
 Metaspace       used 90492K, committed 91008K, reserved 1179648K
  class space    used 12161K, committed 12416K, reserved 1048576K
}
Event: 14581.053 GC heap after
{Heap after GC invocations=582 (full 325):
 garbage-first heap   total 524288K, used 122710K [0x0000000701800000, 0x0000000800000000)
  region size 2048K, 3 young (6144K), 3 survivors (6144K)
 Metaspace       used 90492K, committed 91008K, reserved 1179648K
  class space    used 12161K, committed 12416K, reserved 1048576K
}

