# JRE version: OpenJDK Runtime Environment Temurin-17.0.7+7 (17.0.7+7) (build 17.0.7+7)
# Java VM: OpenJDK 64-Bit Server VM Temurin-17.0.7+7 (17.0.7+7, mixed mode, sharing, tiered, compressed oops, compressed class ptrs, g1 gc, windows-amd64)
GC Precious Log:
 CPUs: 12 total, 12 available
 Memory: 16278M
 Large Page Support: Disabled
 NUMA Support: Disabled
 Compressed Oops: Enabled (Zero based)
 Heap Region Size: 2M
 Heap Min Capacity: 512M
 Heap Initial Capacity: 512M
 Heap Max Capacity: 4072M
 Pre-touch: Disabled
 Parallel Workers: 10
 Concurrent Workers: 3
 Concurrent Refinement Workers: 10
 Periodic GC: Disabled
 String Deduplication is enabled
Heap:
 garbage-first heap   total 710656K, used 274644K [0x0000000701800000, 0x0000000800000000)
  region size 2048K, 27 young (55296K), 1 survivors (2048K)
 Metaspace       used 89948K, committed 90560K, reserved 1179648K
  class space    used 11746K, committed 12160K, reserved 1048576K
GC Heap History (20 events):
Event: 51270.544 GC heap before
{Heap before GC invocations=605 (full 299):
 garbage-first heap   total 710656K, used 294655K [0x0000000701800000, 0x0000000800000000)
  region size 2048K, 40 young (81920K), 1 survivors (2048K)
 Metaspace       used 89893K, committed 90496K, reserved 1179648K
  class space    used 11745K, committed 12160K, reserved 1048576K
}
Event: 51270.545 GC heap after
{Heap after GC invocations=606 (full 299):
 garbage-first heap   total 710656K, used 214832K [0x0000000701800000, 0x0000000800000000)
  region size 2048K, 1 young (2048K), 1 survivors (2048K)
 Metaspace       used 89893K, committed 90496K, reserved 1179648K
  class space    used 11745K, committed 12160K, reserved 1048576K
}
Event: 51276.234 GC heap before
{Heap before GC invocations=606 (full 299):
 garbage-first heap   total 710656K, used 294704K [0x0000000701800000, 0x0000000800000000)
  region size 2048K, 40 young (81920K), 1 survivors (2048K)
 Metaspace       used 89913K, committed 90560K, reserved 1179648K
  class space    used 11745K, committed 12160K, reserved 1048576K
}
Event: 51276.237 GC heap after
{Heap after GC invocations=607 (full 299):
 garbage-first heap   total 710656K, used 218458K [0x0000000701800000, 0x0000000800000000)
  region size 2048K, 3 young (6144K), 3 survivors (6144K)
 Metaspace       used 89913K, committed 90560K, reserved 1179648K
  class space    used 11745K, committed 12160K, reserved 1048576K
}
Event: 51280.219 GC heap before
{Heap before GC invocations=607 (full 299):
 garbage-first heap   total 710656K, used 294234K [0x0000000701800000, 0x0000000800000000)
  region size 2048K, 40 young (81920K), 3 survivors (6144K)
 Metaspace       used 89922K, committed 90560K, reserved 1179648K
  class space    used 11746K, committed 12160K, reserved 1048576K
}
Event: 51280.225 GC heap after
{Heap after GC invocations=608 (full 299):
 garbage-first heap   total 710656K, used 218330K [0x0000000701800000, 0x0000000800000000)
  region size 2048K, 5 young (10240K), 5 survivors (10240K)
 Metaspace       used 89922K, committed 90560K, reserved 1179648K
  class space    used 11746K, committed 12160K, reserved 1048576K
}
Event: 51280.817 GC heap before
{Heap before GC invocations=608 (full 299):
 garbage-first heap   total 710656K, used 275674K [0x0000000701800000, 0x0000000800000000)
  region size 2048K, 30 young (61440K), 5 survivors (10240K)
 Metaspace       used 89925K, committed 90560K, reserved 1179648K
  class space    used 11746K, committed 12160K, reserved 1048576K
}
Event: 51280.929 GC heap after
{Heap after GC invocations=609 (full 300):
 garbage-first heap   total 710656K, used 213447K [0x0000000701800000, 0x0000000800000000)
  region size 2048K, 0 young (0K), 0 survivors (0K)
 Metaspace       used 89925K, committed 90560K, reserved 1179648K
  class space    used 11746K, committed 12160K, reserved 1048576K
}
Event: 51282.610 GC heap before
{Heap before GC invocations=609 (full 300):
 garbage-first heap   total 710656K, used 268743K [0x0000000701800000, 0x0000000800000000)
  region size 2048K, 28 young (57344K), 0 survivors (0K)
 Metaspace       used 89927K, committed 90560K, reserved 1179648K
  class space    used 11746K, committed 12160K, reserved 1048576K
}
Event: 51282.735 GC heap after
{Heap after GC invocations=610 (full 301):
 garbage-first heap   total 710656K, used 212493K [0x0000000701800000, 0x0000000800000000)
  region size 2048K, 0 young (0K), 0 survivors (0K)
 Metaspace       used 89927K, committed 90560K, reserved 1179648K
  class space    used 11746K, committed 12160K, reserved 1048576K
}
Event: 51285.536 GC heap before
{Heap before GC invocations=610 (full 301):
 garbage-first heap   total 710656K, used 245261K [0x0000000701800000, 0x0000000800000000)
  region size 2048K, 11 young (22528K), 0 survivors (0K)
 Metaspace       used 89927K, committed 90560K, reserved 1179648K
  class space    used 11746K, committed 12160K, reserved 1048576K
}
Event: 51285.538 GC heap after
{Heap after GC invocations=611 (full 301):
 garbage-first heap   total 710656K, used 226421K [0x0000000701800000, 0x0000000800000000)
  region size 2048K, 1 young (2048K), 1 survivors (2048K)
 Metaspace       used 89927K, committed 90560K, reserved 1179648K
  class space    used 11746K, committed 12160K, reserved 1048576K
}
Event: 51286.848 GC heap before
{Heap before GC invocations=611 (full 301):
 garbage-first heap   total 710656K, used 246901K [0x0000000701800000, 0x0000000800000000)
  region size 2048K, 6 young (12288K), 1 survivors (2048K)
 Metaspace       used 89927K, committed 90560K, reserved 1179648K
  class space    used 11746K, committed 12160K, reserved 1048576K
}
Event: 51286.850 GC heap after
{Heap after GC invocations=612 (full 301):
 garbage-first heap   total 710656K, used 237757K [0x0000000701800000, 0x0000000800000000)
  region size 2048K, 1 young (2048K), 1 survivors (2048K)
 Metaspace       used 89927K, committed 90560K, reserved 1179648K
  class space    used 11746K, committed 12160K, reserved 1048576K
}
Event: 51289.272 GC heap before
{Heap before GC invocations=612 (full 301):
 garbage-first heap   total 710656K, used 245949K [0x0000000701800000, 0x0000000800000000)
  region size 2048K, 6 young (12288K), 1 survivors (2048K)
 Metaspace       used 89927K, committed 90560K, reserved 1179648K
  class space    used 11746K, committed 12160K, reserved 1048576K
}
Event: 51289.274 GC heap after
{Heap after GC invocations=613 (full 301):
 garbage-first heap   total 710656K, used 225423K [0x0000000701800000, 0x0000000800000000)
  region size 2048K, 1 young (2048K), 1 survivors (2048K)
 Metaspace       used 89927K, committed 90560K, reserved 1179648K
  class space    used 11746K, committed 12160K, reserved 1048576K
}
Event: 51310.242 GC heap before
{Heap before GC invocations=613 (full 301):
 garbage-first heap   total 710656K, used 305295K [0x0000000701800000, 0x0000000800000000)
  region size 2048K, 40 young (81920K), 1 survivors (2048K)
 Metaspace       used 89931K, committed 90560K, reserved 1179648K
  class space    used 11746K, committed 12160K, reserved 1048576K
}
Event: 51310.244 GC heap after
{Heap after GC invocations=614 (full 301):
 garbage-first heap   total 710656K, used 225626K [0x0000000701800000, 0x0000000800000000)
  region size 2048K, 1 young (2048K), 1 survivors (2048K)
 Metaspace       used 89931K, committed 90560K, reserved 1179648K
  class space    used 11746K, committed 12160K, reserved 1048576K
}
Event: 51317.013 GC heap before
{Heap before GC invocations=614 (full 301):
 garbage-first heap   total 710656K, used 305498K [0x0000000701800000, 0x0000000800000000)
  region size 2048K, 40 young (81920K), 1 survivors (2048K)
 Metaspace       used 89934K, committed 90560K, reserved 1179648K
  class space    used 11746K, committed 12160K, reserved 1048576K
}
Event: 51317.014 GC heap after
{Heap after GC invocations=615 (full 301):
 garbage-first heap   total 710656K, used 225492K [0x0000000701800000, 0x0000000800000000)
  region size 2048K, 1 young (2048K), 1 survivors (2048K)
 Metaspace       used 89934K, committed 90560K, reserved 1179648K
  class space    used 11746K, committed 12160K, reserved 1048576K
}

